<?xml version="1.0" encoding="UTF-8"?>
<testng-results ignored="0" total="1" passed="1" failed="0" skipped="0">
  <reporter-output>
  </reporter-output>
  <suite started-at="2021-12-26T19:30:12 IST" name="Default suite" finished-at="2021-12-26T19:31:07 IST" duration-ms="55048">
    <groups>
      <group name="cucumber">
        <method signature="TestRun.feature(cucumber.api.testng.CucumberFeatureWrapper)[pri:0, instance:stepDefination.TestRun@428640fa]" name="feature" class="stepDefination.TestRun"/>
      </group> <!-- cucumber -->
    </groups>
    <test started-at="2021-12-26T19:30:12 IST" name="Default test" finished-at="2021-12-26T19:31:07 IST" duration-ms="55048">
      <class name="stepDefination.TestRun">
        <test-method is-config="true" signature="setUp()[pri:0, instance:stepDefination.TestRun@428640fa]" started-at="2021-12-26T19:30:12 IST" name="setUp" finished-at="2021-12-26T19:30:13 IST" duration-ms="918" status="PASS">
          <reporter-output>
          </reporter-output>
        </test-method> <!-- setUp -->
        <test-method signature="feature(cucumber.api.testng.CucumberFeatureWrapper)[pri:0, instance:stepDefination.TestRun@428640fa]" started-at="2021-12-26T19:30:13 IST" name="feature" description="This is for testing" data-provider="features" finished-at="2021-12-26T19:31:07 IST" duration-ms="53786" status="PASS">
          <params>
            <param index="0">
              <value>
                <![CDATA[Facebook projects]]>
              </value>
            </param>
          </params>
          <reporter-output>
          </reporter-output>
        </test-method> <!-- feature -->
        <test-method is-config="true" signature="tearDown()[pri:0, instance:stepDefination.TestRun@428640fa]" started-at="2021-12-26T19:31:07 IST" name="tearDown" finished-at="2021-12-26T19:31:07 IST" duration-ms="13" status="PASS">
          <reporter-output>
          </reporter-output>
        </test-method> <!-- tearDown -->
      </class> <!-- stepDefination.TestRun -->
    </test> <!-- Default test -->
  </suite> <!-- Default suite -->
</testng-results>
